runid                 	all	run1
num_q                 	all	160
num_ret               	all	1583
num_rel               	all	1331
num_rel_ret           	all	327
map                   	all	0.2040
gm_map                	all	0.0041
Rprec                 	all	0.2164
bpref                 	all	0.2027
recip_rank            	all	0.4218
iprec_at_recall_0.00  	all	0.4421
iprec_at_recall_0.10  	all	0.3924
iprec_at_recall_0.20  	all	0.3411
iprec_at_recall_0.30  	all	0.2710
iprec_at_recall_0.40  	all	0.2176
iprec_at_recall_0.50  	all	0.1953
iprec_at_recall_0.60  	all	0.1360
iprec_at_recall_0.70  	all	0.1216
iprec_at_recall_0.80  	all	0.1020
iprec_at_recall_0.90  	all	0.0958
iprec_at_recall_1.00  	all	0.0958
P_5                   	all	0.2500
P_10                  	all	0.2044
P_15                  	all	0.1362
P_20                  	all	0.1022
P_30                  	all	0.0681
P_100                 	all	0.0204
P_200                 	all	0.0102
P_500                 	all	0.0041
P_1000                	all	0.0020
recall_5              	all	0.2154
recall_10             	all	0.2993
recall_15             	all	0.2993
recall_20             	all	0.2993
recall_30             	all	0.2993
recall_100            	all	0.2993
recall_200            	all	0.2993
recall_500            	all	0.2993
recall_1000           	all	0.2993
infAP                 	all	0.2040
gm_bpref              	all	0.0023
Rprec_mult_0.20       	all	0.3251
Rprec_mult_0.40       	all	0.2920
Rprec_mult_0.60       	all	0.2561
Rprec_mult_0.80       	all	0.2339
Rprec_mult_1.00       	all	0.2164
Rprec_mult_1.20       	all	0.1656
Rprec_mult_1.40       	all	0.1488
Rprec_mult_1.60       	all	0.1348
Rprec_mult_1.80       	all	0.1262
Rprec_mult_2.00       	all	0.1200
utility               	all	-5.8063
11pt_avg              	all	0.2191
binG                  	all	0.2127
G                     	all	0.2127
ndcg                  	all	0.2822
ndcg_rel              	all	0.3101
Rndcg                 	all	0.2630
ndcg_cut_5            	all	0.3244
ndcg_cut_10           	all	0.3331
ndcg_cut_15           	all	0.3072
ndcg_cut_20           	all	0.2961
ndcg_cut_30           	all	0.2873
ndcg_cut_100          	all	0.2822
ndcg_cut_200          	all	0.2822
ndcg_cut_500          	all	0.2822
ndcg_cut_1000         	all	0.2822
map_cut_5             	all	0.1711
map_cut_10            	all	0.2040
map_cut_15            	all	0.2040
map_cut_20            	all	0.2040
map_cut_30            	all	0.2040
map_cut_100           	all	0.2040
map_cut_200           	all	0.2040
map_cut_500           	all	0.2040
map_cut_1000          	all	0.2040
relative_P_5          	all	0.3311
relative_P_10         	all	0.3657
relative_P_15         	all	0.3284
relative_P_20         	all	0.3143
relative_P_30         	all	0.3041
relative_P_100        	all	0.2993
relative_P_200        	all	0.2993
relative_P_500        	all	0.2993
relative_P_1000       	all	0.2993
success_1             	all	0.3375
success_5             	all	0.5375
success_10            	all	0.6062
set_P                 	all	0.2086
set_relative_P        	all	0.3699
set_recall            	all	0.2993
set_map               	all	0.0912
set_F                 	all	0.1851
num_nonrel_judged_ret 	all	1065
